<?xml version="1.0" encoding="UTF-8"?>
<!-- Generated by org.testng.reporters.JUnitReportReporter -->
<testsuite name="com.course.cases.LoginTest" tests="2" time="0.707" ignored="0" failures="0" timestamp="06 九月 2022 09:11:01 GMT" skipped="0" hostname="sectrend" errors="0">
  <testcase name="loginFalse" time="0.041" classname="com.course.cases.LoginTest"/>
  <testcase name="loginTrue" time="0.666" classname="com.course.cases.LoginTest"/>
</testsuite> <!-- com.course.cases.LoginTest -->
