<?xml version="1.0" encoding="UTF-8"?>
<!-- Generated by org.testng.reporters.JUnitReportReporter -->
<testsuite name="com.course.cases.AddUserTest" tests="1" time="5.065" ignored="0" failures="0" timestamp="06 九月 2022 09:11:01 GMT" skipped="0" hostname="sectrend" errors="0">
  <testcase name="addUser" time="5.065" classname="com.course.cases.AddUserTest"/>
</testsuite> <!-- com.course.cases.AddUserTest -->
