<?xml version="1.0" encoding="UTF-8"?>
<!-- Generated by org.testng.reporters.JUnitReportReporter -->
<testsuite name="com.course.cases.UpdateUserInfoTest" tests="2" time="20.112" ignored="0" failures="0" timestamp="06 九月 2022 09:11:01 GMT" skipped="0" hostname="sectrend" errors="0">
  <testcase name="deleteUser" time="10.060" classname="com.course.cases.UpdateUserInfoTest"/>
  <testcase name="updateUserInfo" time="10.052" classname="com.course.cases.UpdateUserInfoTest"/>
</testsuite> <!-- com.course.cases.UpdateUserInfoTest -->
