<?xml version="1.0" encoding="UTF-8"?>
<!-- Generated by org.testng.reporters.JUnitReportReporter -->
<testsuite name="com.course.cases.GetUserInfoListTest" tests="1" time="0.054" ignored="0" failures="0" timestamp="06 九月 2022 09:11:01 GMT" skipped="0" hostname="sectrend" errors="0">
  <testcase name="getUserListInfo" time="0.054" classname="com.course.cases.GetUserInfoListTest"/>
</testsuite> <!-- com.course.cases.GetUserInfoListTest -->
